<?xml version="1.0" encoding="UTF-8"?>
<testng-results ignored="0" total="1" passed="1" failed="0" skipped="0">
  <reporter-output>
  </reporter-output>
  <suite started-at="2021-11-22T12:14:37 IST" name="Default suite" finished-at="2021-11-22T12:14:44 IST" duration-ms="7059">
    <groups>
    </groups>
    <test started-at="2021-11-22T12:14:37 IST" name="Default test" finished-at="2021-11-22T12:14:44 IST" duration-ms="7059">
      <class name="com.crm.SDET25.BasicTestScripts.CreateOrganization">
        <test-method signature="createOrganization()[pri:0, instance:com.crm.SDET25.BasicTestScripts.CreateOrganization@3d5c822d]" started-at="2021-11-22T12:14:37 IST" name="createOrganization" finished-at="2021-11-22T12:14:44 IST" duration-ms="7031" status="PASS">
          <reporter-output>
          </reporter-output>
        </test-method> <!-- createOrganization -->
      </class> <!-- com.crm.SDET25.BasicTestScripts.CreateOrganization -->
    </test> <!-- Default test -->
  </suite> <!-- Default suite -->
</testng-results>
